<?xml version="1.0" encoding="UTF-8"?>
<testng-results ignored="0" total="1" passed="1" failed="0" skipped="0">
  <reporter-output>
  </reporter-output>
  <suite started-at="2024-07-24T21:25:42 EEST" name="Default suite" finished-at="2024-07-24T21:25:48 EEST" duration-ms="5690">
    <groups>
    </groups>
    <test started-at="2024-07-24T21:25:42 EEST" name="Default test" finished-at="2024-07-24T21:25:48 EEST" duration-ms="5690">
      <class name="tests.JsonPathExample">
        <test-method signature="testJsonPath()[pri:0, instance:tests.JsonPathExample@593aaf41]" started-at="2024-07-24T21:25:42 EEST" name="testJsonPath" finished-at="2024-07-24T21:25:48 EEST" duration-ms="5627" status="PASS">
          <reporter-output>
          </reporter-output>
        </test-method> <!-- testJsonPath -->
      </class> <!-- tests.JsonPathExample -->
    </test> <!-- Default test -->
  </suite> <!-- Default suite -->
</testng-results>
