<?xml version="1.0" encoding="UTF-8"?>
<testng-results ignored="0" total="1" passed="1" failed="0" skipped="0">
  <reporter-output>
  </reporter-output>
  <suite started-at="2024-07-29T07:06:37 EEST" name="Default suite" finished-at="2024-07-29T07:06:42 EEST" duration-ms="4248">
    <groups>
    </groups>
    <test started-at="2024-07-29T07:06:37 EEST" name="Default test" finished-at="2024-07-29T07:06:42 EEST" duration-ms="4248">
      <class name="tests.Homework4">
        <test-method signature="testAPI()[pri:0, instance:tests.Homework4@593aaf41]" started-at="2024-07-29T07:06:37 EEST" name="testAPI" finished-at="2024-07-29T07:06:42 EEST" duration-ms="4189" status="PASS">
          <reporter-output>
          </reporter-output>
        </test-method> <!-- testAPI -->
      </class> <!-- tests.Homework4 -->
    </test> <!-- Default test -->
  </suite> <!-- Default suite -->
</testng-results>
